#
# There is insufficient memory for the Java Runtime Environment to continue.
# Native memory allocation (mmap) failed to map 58720256 bytes for G1 virtual space
# Possible reasons:
#   The system is out of physical RAM or swap space
#   The process is running with CompressedOops enabled, and the Java Heap may be blocking the growth of the native heap
# Possible solutions:
#   Reduce memory load on the system
#   Increase physical memory or swap space
#   Check if swap backing store is full
#   Decrease Java heap size (-Xmx/-Xms)
#   Decrease number of Java threads
#   Decrease Java thread stack sizes (-Xss)
#   Set larger code cache with -XX:ReservedCodeCacheSize=
#   JVM is running with Unscaled Compressed Oops mode in which the Java heap is
#     placed in the first 4GB address space. The Java Heap base address is the
#     maximum limit for the native heap growth. Please use -XX:HeapBaseMinAddress
#     to set the Java Heap base and to place the Java Heap above 4GB virtual address.
# This output file may be truncated or incomplete.
#
#  Out of Memory Error (os_windows.cpp:3469), pid=29832, tid=13904
#
# JRE version: Java(TM) SE Runtime Environment (17.0.1+12) (build 17.0.1+12-LTS-39)
# Java VM: Java HotSpot(TM) 64-Bit Server VM (17.0.1+12-LTS-39, mixed mode, sharing, tiered, compressed oops, compressed class ptrs, g1 gc, windows-amd64)
# No core dump will be written. Minidumps are not enabled by default on client versions of Windows
#

---------------  S U M M A R Y ------------

Command Line: -Dmaven.multiModuleProjectDirectory=C:\Users\theha\IdeaProjects\ParlagamesQualification -Dmaven.home=C:\Program Files\JetBrains\IntelliJ IDEA Community Edition 2021.2.3\plugins\maven\lib\maven3 -Dclassworlds.conf=C:\Program Files\JetBrains\IntelliJ IDEA Community Edition 2021.2.3\plugins\maven\lib\maven3\bin\m2.conf -Dmaven.ext.class.path=C:\Program Files\JetBrains\IntelliJ IDEA Community Edition 2021.2.3\plugins\maven\lib\maven-event-listener.jar -javaagent:C:\Program Files\JetBrains\IntelliJ IDEA Community Edition 2021.2.3\lib\idea_rt.jar=60776:C:\Program Files\JetBrains\IntelliJ IDEA Community Edition 2021.2.3\bin -Dfile.encoding=UTF-8 org.codehaus.classworlds.Launcher -Didea.version=2021.2.3 package

Host: Intel(R) Core(TM) i5-10210U CPU @ 1.60GHz, 8 cores, 7G,  Windows 10 , 64 bit Build 22000 (10.0.22000.434)
Time: Sun Feb 27 14:44:44 2022 GMT Standard Time elapsed time: 18.981721 seconds (0d 0h 0m 18s)

---------------  T H R E A D  ---------------

Current thread (0x000001f0dbae40a0):  VMThread "VM Thread" [stack: 0x000000da2e700000,0x000000da2e800000] [id=13904]

Stack: [0x000000da2e700000,0x000000da2e800000]
Native frames: (J=compiled Java code, j=interpreted, Vv=VM code, C=native code)
V  [jvm.dll+0x66fa1a]
V  [jvm.dll+0x7ce5a4]
V  [jvm.dll+0x7cfd4e]
V  [jvm.dll+0x7d03b3]
V  [jvm.dll+0x242b05]
V  [jvm.dll+0x66ca39]
V  [jvm.dll+0x661502]
V  [jvm.dll+0x30081b]
V  [jvm.dll+0x307da6]
V  [jvm.dll+0x357a1e]
V  [jvm.dll+0x357c4f]
V  [jvm.dll+0x2d7ad8]
V  [jvm.dll+0x2d5da4]
V  [jvm.dll+0x2d53ac]
V  [jvm.dll+0x318d0b]
V  [jvm.dll+0x7d484b]
V  [jvm.dll+0x7d5584]
V  [jvm.dll+0x7d5a9c]
V  [jvm.dll+0x7d5e74]
V  [jvm.dll+0x7d5f40]
V  [jvm.dll+0x77e91a]
V  [jvm.dll+0x66e845]
C  [ucrtbase.dll+0x26c0c]
C  [KERNEL32.DLL+0x154e0]
C  [ntdll.dll+0x485b]

VM_Operation (0x000000da2e1fcfb0): G1CollectForAllocation, mode: safepoint, requested by thread 0x000001f0bdb70f40


---------------  P R O C E S S  ---------------

Threads class SMR info:
_java_thread_list=0x000001f0dc5dc720, length=13, elements={
0x000001f0bdb70f40, 0x000001f0dbae9ca0, 0x000001f0dbaeab10, 0x000001f0dbafe9f0,
0x000001f0dbaff2b0, 0x000001f0dbaffc60, 0x000001f0dbb00610, 0x000001f0dbb023b0,
0x000001f0dbb05260, 0x000001f0dbb05c50, 0x000001f0dc56cf20, 0x000001f0dc66aba0,
0x000001f0dc66b070
}

Java Threads: ( => current thread )
  0x000001f0bdb70f40 JavaThread "main" [_thread_blocked, id=11652, stack(0x000000da2e100000,0x000000da2e200000)]
  0x000001f0dbae9ca0 JavaThread "Reference Handler" daemon [_thread_blocked, id=17540, stack(0x000000da2e800000,0x000000da2e900000)]
  0x000001f0dbaeab10 JavaThread "Finalizer" daemon [_thread_blocked, id=26340, stack(0x000000da2e900000,0x000000da2ea00000)]
  0x000001f0dbafe9f0 JavaThread "Signal Dispatcher" daemon [_thread_blocked, id=7108, stack(0x000000da2ea00000,0x000000da2eb00000)]
  0x000001f0dbaff2b0 JavaThread "Attach Listener" daemon [_thread_blocked, id=476, stack(0x000000da2eb00000,0x000000da2ec00000)]
  0x000001f0dbaffc60 JavaThread "Service Thread" daemon [_thread_blocked, id=568, stack(0x000000da2ec00000,0x000000da2ed00000)]
  0x000001f0dbb00610 JavaThread "Monitor Deflation Thread" daemon [_thread_blocked, id=31500, stack(0x000000da2ed00000,0x000000da2ee00000)]
  0x000001f0dbb023b0 JavaThread "C2 CompilerThread0" daemon [_thread_blocked, id=15348, stack(0x000000da2ee00000,0x000000da2ef00000)]
  0x000001f0dbb05260 JavaThread "C1 CompilerThread0" daemon [_thread_blocked, id=29272, stack(0x000000da2ef00000,0x000000da2f000000)]
  0x000001f0dbb05c50 JavaThread "Sweeper thread" daemon [_thread_blocked, id=10352, stack(0x000000da2f000000,0x000000da2f100000)]
  0x000001f0dc56cf20 JavaThread "Common-Cleaner" daemon [_thread_blocked, id=8560, stack(0x000000da2f100000,0x000000da2f200000)]
  0x000001f0dc66aba0 JavaThread "Monitor Ctrl-Break" daemon [_thread_in_native, id=12992, stack(0x000000da2f200000,0x000000da2f300000)]
  0x000001f0dc66b070 JavaThread "Notification Thread" daemon [_thread_blocked, id=5792, stack(0x000000da2f300000,0x000000da2f400000)]

Other Threads:
=>0x000001f0dbae40a0 VMThread "VM Thread" [stack: 0x000000da2e700000,0x000000da2e800000] [id=13904]
  0x000001f0bdbc6ff0 WatcherThread [stack: 0x000000da2f400000,0x000000da2f500000] [id=40104]
  0x000001f0bdbad810 GCTaskThread "GC Thread#0" [stack: 0x000000da2e200000,0x000000da2e300000] [id=14564]
  0x000001f0dd1758a0 GCTaskThread "GC Thread#1" [stack: 0x000000da2f500000,0x000000da2f600000] [id=33092]
  0x000001f0dd1332a0 GCTaskThread "GC Thread#2" [stack: 0x000000da2f600000,0x000000da2f700000] [id=15236]
  0x000001f0dd339c50 GCTaskThread "GC Thread#3" [stack: 0x000000da2f700000,0x000000da2f800000] [id=1708]
  0x000001f0dd2cb3b0 GCTaskThread "GC Thread#4" [stack: 0x000000da2f800000,0x000000da2f900000] [id=16136]
  0x000001f0dd2aba30 GCTaskThread "GC Thread#5" [stack: 0x000000da2f900000,0x000000da2fa00000] [id=7576]
  0x000001f0dd2abce0 GCTaskThread "GC Thread#6" [stack: 0x000000da2fa00000,0x000000da2fb00000] [id=20684]
  0x000001f0dd2abf90 GCTaskThread "GC Thread#7" [stack: 0x000000da2fb00000,0x000000da2fc00000] [id=19648]
  0x000001f0bdbbf120 ConcurrentGCThread "G1 Main Marker" [stack: 0x000000da2e300000,0x000000da2e400000] [id=12600]
  0x000001f0bdbc02d0 ConcurrentGCThread "G1 Conc#0" [stack: 0x000000da2e400000,0x000000da2e500000] [id=39992]
  0x000001f0dd7662f0 ConcurrentGCThread "G1 Conc#1" [stack: 0x000000da2fc00000,0x000000da2fd00000] [id=30188]
  0x000001f0bdc498b0 ConcurrentGCThread "G1 Refine#0" [stack: 0x000000da2e500000,0x000000da2e600000] [id=14128]
  0x000001f0dce59220 ConcurrentGCThread "G1 Refine#1" [stack: 0x000000da2fd00000,0x000000da2fe00000] [id=41924]
  0x000001f0bdc4b2e0 ConcurrentGCThread "G1 Service" [stack: 0x000000da2e600000,0x000000da2e700000] [id=26416]

Threads with active compile tasks:
C2 CompilerThread0    19049 5361   !   4       com.google.inject.spi.InjectionPoint::getInjectionPoints (489 bytes)

VM state: at safepoint (normal execution)

VM Mutex/Monitor currently owned by a thread:  ([mutex/lock_event])
[0x000001f0bdb6c030] Threads_lock - owner thread: 0x000001f0dbae40a0
[0x000001f0bdb6bcd0] Heap_lock - owner thread: 0x000001f0bdb70f40

Heap address: 0x0000000083200000, size: 1998 MB, Compressed Oops mode: 32-bit

CDS archive(s) mapped at: [0x0000000800000000-0x0000000800bc0000-0x0000000800bc0000), size 12320768, SharedBaseAddress: 0x0000000800000000, ArchiveRelocationMode: 0.
Compressed class space mapped at: 0x0000000800c00000-0x0000000840c00000, reserved size: 1073741824
Narrow klass base: 0x0000000800000000, Narrow klass shift: 0, Narrow klass range: 0x100000000

GC Precious Log:
 CPUs: 8 total, 8 available
 Memory: 7988M
 Large Page Support: Disabled
 NUMA Support: Disabled
 Compressed Oops: Enabled (32-bit)
 Heap Region Size: 1M
 Heap Min Capacity: 8M
 Heap Initial Capacity: 126M
 Heap Max Capacity: 1998M
 Pre-touch: Disabled
 Parallel Workers: 8
 Concurrent Workers: 2
 Concurrent Refinement Workers: 8
 Periodic GC: Disabled

Heap:
 garbage-first heap   total 45056K, used 20833K [0x0000000083200000, 0x0000000100000000)
  region size 1024K, 2 young (2048K), 2 survivors (2048K)
 Metaspace       used 26047K, committed 26368K, reserved 1073152K
  class space    used 2984K, committed 3072K, reserved 1048576K

Heap Regions: E=young(eden), S=young(survivor), O=old, HS=humongous(starts), HC=humongous(continues), CS=collection set, F=free, OA=open archive, CA=closed archive, TAMS=top-at-mark-start (previous, next)
|   0|0x0000000083200000, 0x0000000083300000, 0x0000000083300000|100%| O|  |TAMS 0x0000000083300000, 0x0000000083300000| Untracked 
|   1|0x0000000083300000, 0x0000000083400000, 0x0000000083400000|100%| O|  |TAMS 0x0000000083400000, 0x0000000083400000| Untracked 
|   2|0x0000000083400000, 0x0000000083500000, 0x0000000083500000|100%| O|  |TAMS 0x0000000083500000, 0x0000000083500000| Untracked 
|   3|0x0000000083500000, 0x0000000083600000, 0x0000000083600000|100%| O|  |TAMS 0x0000000083600000, 0x0000000083600000| Untracked 
|   4|0x0000000083600000, 0x0000000083700000, 0x0000000083700000|100%| O|  |TAMS 0x0000000083600000, 0x0000000083700000| Untracked 
|   5|0x0000000083700000, 0x0000000083800000, 0x0000000083800000|100%| O|  |TAMS 0x0000000083700000, 0x0000000083800000| Untracked 
|   6|0x0000000083800000, 0x0000000083900000, 0x0000000083900000|100%| O|  |TAMS 0x0000000083800000, 0x0000000083900000| Untracked 
|   7|0x0000000083900000, 0x0000000083a00000, 0x0000000083a00000|100%| O|  |TAMS 0x0000000083900000, 0x0000000083a00000| Untracked 
|   8|0x0000000083a00000, 0x0000000083b00000, 0x0000000083b00000|100%| O|  |TAMS 0x0000000083a00000, 0x0000000083b00000| Untracked 
|   9|0x0000000083b00000, 0x0000000083c00000, 0x0000000083c00000|100%| O|  |TAMS 0x0000000083b00000, 0x0000000083c00000| Untracked 
|  10|0x0000000083c00000, 0x0000000083d00000, 0x0000000083d00000|100%| O|  |TAMS 0x0000000083c00000, 0x0000000083d00000| Untracked 
|  11|0x0000000083d00000, 0x0000000083e00000, 0x0000000083e00000|100%| O|  |TAMS 0x0000000083d00000, 0x0000000083e00000| Untracked 
|  12|0x0000000083e00000, 0x0000000083f00000, 0x0000000083f00000|100%| O|  |TAMS 0x0000000083e00000, 0x0000000083f00000| Untracked 
|  13|0x0000000083f00000, 0x0000000084000000, 0x0000000084000000|100%| O|  |TAMS 0x0000000083f00000, 0x0000000084000000| Untracked 
|  14|0x0000000084000000, 0x0000000084100000, 0x0000000084100000|100%| O|  |TAMS 0x0000000084000000, 0x0000000084100000| Untracked 
|  15|0x0000000084100000, 0x0000000084200000, 0x0000000084200000|100%| O|  |TAMS 0x0000000084100000, 0x0000000084200000| Untracked 
|  16|0x0000000084200000, 0x000000008422e000, 0x0000000084300000| 17%| O|  |TAMS 0x0000000084200000, 0x000000008422e000| Untracked 
|  17|0x0000000084300000, 0x0000000084300000, 0x0000000084400000|  0%| F|  |TAMS 0x0000000084300000, 0x0000000084300000| Untracked 
|  18|0x0000000084400000, 0x0000000084500000, 0x0000000084500000|100%| O|  |TAMS 0x0000000084400000, 0x0000000084500000| Untracked 
|  19|0x0000000084500000, 0x0000000084600000, 0x0000000084600000|100%| O|  |TAMS 0x0000000084500000, 0x0000000084600000| Untracked 
|  20|0x0000000084600000, 0x0000000084700000, 0x0000000084700000|100%| O|  |TAMS 0x0000000084600000, 0x0000000084700000| Untracked 
|  21|0x0000000084700000, 0x0000000084700000, 0x0000000084800000|  0%| F|  |TAMS 0x0000000084700000, 0x0000000084700000| Untracked 
|  22|0x0000000084800000, 0x0000000084800000, 0x0000000084900000|  0%| F|  |TAMS 0x0000000084800000, 0x0000000084800000| Untracked 
|  23|0x0000000084900000, 0x0000000084900000, 0x0000000084a00000|  0%| F|  |TAMS 0x0000000084900000, 0x0000000084900000| Untracked 
|  24|0x0000000084a00000, 0x0000000084a00000, 0x0000000084b00000|  0%| F|  |TAMS 0x0000000084a00000, 0x0000000084a00000| Untracked 
|  25|0x0000000084b00000, 0x0000000084b00000, 0x0000000084c00000|  0%| F|  |TAMS 0x0000000084b00000, 0x0000000084b00000| Untracked 
|  26|0x0000000084c00000, 0x0000000084c00000, 0x0000000084d00000|  0%| F|  |TAMS 0x0000000084c00000, 0x0000000084c00000| Untracked 
|  27|0x0000000084d00000, 0x0000000084d00000, 0x0000000084e00000|  0%| F|  |TAMS 0x0000000084d00000, 0x0000000084d00000| Untracked 
|  28|0x0000000084e00000, 0x0000000084e00000, 0x0000000084f00000|  0%| F|  |TAMS 0x0000000084e00000, 0x0000000084e00000| Untracked 
|  29|0x0000000084f00000, 0x0000000084f2a6c0, 0x0000000085000000| 16%| S|CS|TAMS 0x0000000084f00000, 0x0000000084f00000| Complete 
|  30|0x0000000085000000, 0x0000000085000000, 0x0000000085100000|  0%| F|  |TAMS 0x0000000085000000, 0x0000000085000000| Untracked 
|  31|0x0000000085100000, 0x0000000085200000, 0x0000000085200000|100%| S|CS|TAMS 0x0000000085100000, 0x0000000085100000| Complete 
|  32|0x0000000085200000, 0x0000000085200000, 0x0000000085300000|  0%| F|  |TAMS 0x0000000085200000, 0x0000000085200000| Untracked 
|  33|0x0000000085300000, 0x0000000085300000, 0x0000000085400000|  0%| F|  |TAMS 0x0000000085300000, 0x0000000085300000| Untracked 
|  34|0x0000000085400000, 0x0000000085400000, 0x0000000085500000|  0%| F|  |TAMS 0x0000000085400000, 0x0000000085400000| Untracked 
|  35|0x0000000085500000, 0x0000000085500000, 0x0000000085600000|  0%| F|  |TAMS 0x0000000085500000, 0x0000000085500000| Untracked 
|  36|0x0000000085600000, 0x0000000085600000, 0x0000000085700000|  0%| F|  |TAMS 0x0000000085600000, 0x0000000085600000| Untracked 
| 105|0x0000000089b00000, 0x0000000089b00000, 0x0000000089c00000|  0%| F|  |TAMS 0x0000000089b00000, 0x0000000089b00000| Untracked 
| 106|0x0000000089c00000, 0x0000000089c00000, 0x0000000089d00000|  0%| F|  |TAMS 0x0000000089c00000, 0x0000000089c00000| Untracked 
| 107|0x0000000089d00000, 0x0000000089d00000, 0x0000000089e00000|  0%| F|  |TAMS 0x0000000089d00000, 0x0000000089d00000| Untracked 
| 108|0x0000000089e00000, 0x0000000089e00000, 0x0000000089f00000|  0%| F|  |TAMS 0x0000000089e00000, 0x0000000089e00000| Untracked 
| 109|0x0000000089f00000, 0x0000000089f00000, 0x000000008a000000|  0%| F|  |TAMS 0x0000000089f00000, 0x0000000089f00000| Untracked 
| 110|0x000000008a000000, 0x000000008a000000, 0x000000008a100000|  0%| F|  |TAMS 0x000000008a000000, 0x000000008a000000| Untracked 
| 125|0x000000008af00000, 0x000000008af00000, 0x000000008b000000|  0%| F|  |TAMS 0x000000008af00000, 0x000000008af00000| Untracked 

Card table byte_map: [0x000001f0d4aa0000,0x000001f0d4e90000] _byte_map_base: 0x000001f0d4687000

Marking Bits (Prev, Next): (CMBitMap*) 0x000001f0bdbade60, (CMBitMap*) 0x000001f0bdbade20
 Prev Bits: [0x000001f0d71c0000, 0x000001f0d90f8000)
 Next Bits: [0x000001f0d5280000, 0x000001f0d71b8000)

Polling page: 0x000001f0bba90000

Metaspace:

Usage:
  Non-class:     22.52 MB used.
      Class:      2.91 MB used.
       Both:     25.44 MB used.

Virtual space:
  Non-class space:       24.00 MB reserved,      22.75 MB ( 95%) committed,  3 nodes.
      Class space:        1.00 GB reserved,       3.00 MB ( <1%) committed,  1 nodes.
             Both:        1.02 GB reserved,      25.75 MB (  2%) committed. 

Chunk freelists:
   Non-Class:  1.11 MB
       Class:  960.00 KB
        Both:  2.05 MB

MaxMetaspaceSize: unlimited
CompressedClassSpaceSize: 1.00 GB
Initial GC threshold: 21.00 MB
Current GC threshold: 35.25 MB
CDS: on
MetaspaceReclaimPolicy: balanced
 - commit_granule_bytes: 65536.
 - commit_granule_words: 8192.
 - virtual_space_node_default_size: 1048576.
 - enlarge_chunks_in_place: 1.
 - new_chunks_are_fully_committed: 0.
 - uncommit_free_chunks: 1.
 - use_allocation_guard: 0.
 - handle_deallocations: 1.


Internal statistics:

num_allocs_failed_limit: 3.
num_arena_births: 160.
num_arena_deaths: 0.
num_vsnodes_births: 4.
num_vsnodes_deaths: 0.
num_space_committed: 412.
num_space_uncommitted: 0.
num_chunks_returned_to_freelist: 3.
num_chunks_taken_from_freelist: 1106.
num_chunk_merges: 3.
num_chunk_splits: 772.
num_chunks_enlarged: 604.
num_purges: 0.
num_inconsistent_stats: 0.

CodeHeap 'non-profiled nmethods': size=120000Kb used=2249Kb max_used=2249Kb free=117750Kb
 bounds [0x000001f0cce50000, 0x000001f0cd0c0000, 0x000001f0d4380000]
CodeHeap 'profiled nmethods': size=120000Kb used=10996Kb max_used=10996Kb free=109003Kb
 bounds [0x000001f0c5920000, 0x000001f0c63e0000, 0x000001f0cce50000]
CodeHeap 'non-nmethods': size=5760Kb used=1204Kb max_used=1270Kb free=4555Kb
 bounds [0x000001f0c5380000, 0x000001f0c55f0000, 0x000001f0c5920000]
 total_blobs=5859 nmethods=5354 adapters=417
 compilation: enabled
              stopped_count=0, restarted_count=0
 full_count=0

Compilation events (20 events):
Event: 18.870 Thread 0x000001f0dbb05260 5390       3       jdk.internal.misc.Unsafe::objectFieldOffset (18 bytes)
Event: 18.870 Thread 0x000001f0dbb05260 nmethod 5390 0x000001f0c63d2390 code [0x000001f0c63d2540, 0x000001f0c63d2778]
Event: 18.871 Thread 0x000001f0dbb05260 5392       3       java.lang.reflect.Field::getFieldAccessor (16 bytes)
Event: 18.871 Thread 0x000001f0dbb05260 nmethod 5392 0x000001f0c63d2890 code [0x000001f0c63d2a20, 0x000001f0c63d2b98]
Event: 18.871 Thread 0x000001f0dbb05260 5393       3       jdk.internal.reflect.ReflectionFactory::newFieldAccessor (83 bytes)
Event: 18.872 Thread 0x000001f0dbb05260 nmethod 5393 0x000001f0c63d2c10 code [0x000001f0c63d2e00, 0x000001f0c63d3418]
Event: 18.889 Thread 0x000001f0dbb05260 5394       1       org.apache.maven.artifact.DefaultArtifact::getClassifier (5 bytes)
Event: 18.889 Thread 0x000001f0dbb05260 nmethod 5394 0x000001f0cd082390 code [0x000001f0cd082520, 0x000001f0cd0825f8]
Event: 18.932 Thread 0x000001f0dbb05260 5395       3       java.util.jar.Manifest::getAttributes (14 bytes)
Event: 18.933 Thread 0x000001f0dbb05260 nmethod 5395 0x000001f0c63d3690 code [0x000001f0c63d3840, 0x000001f0c63d3ba8]
Event: 18.940 Thread 0x000001f0dbb05260 5397       3       org.codehaus.plexus.util.SelectorUtils::tokenizePath (38 bytes)
Event: 18.941 Thread 0x000001f0dbb05260 nmethod 5397 0x000001f0c63d3c90 code [0x000001f0c63d3ee0, 0x000001f0c63d4968]
Event: 18.942 Thread 0x000001f0dbb05260 5399       3       org.codehaus.plexus.util.SelectorUtils::match (534 bytes)
Event: 18.945 Thread 0x000001f0dbb05260 nmethod 5399 0x000001f0c63d4e10 code [0x000001f0c63d5180, 0x000001f0c63d6a98]
Event: 18.945 Thread 0x000001f0dbb05260 5403       3       org.codehaus.plexus.util.SelectorUtils::matchAntPathPattern (566 bytes)
Event: 18.947 Thread 0x000001f0dbb05260 nmethod 5403 0x000001f0c63d7310 code [0x000001f0c63d7760, 0x000001f0c63d9e48]
Event: 18.947 Thread 0x000001f0dbb05260 5400       3       org.codehaus.plexus.util.AbstractScanner::matchPath (7 bytes)
Event: 18.947 Thread 0x000001f0dbb05260 nmethod 5400 0x000001f0c63da990 code [0x000001f0c63dab20, 0x000001f0c63dac28]
Event: 18.947 Thread 0x000001f0dbb05260 5401       3       org.codehaus.plexus.util.SelectorUtils::matchPath (129 bytes)
Event: 18.953 Thread 0x000001f0dbb05260 nmethod 5401 0x000001f0c63dad10 code [0x000001f0c63db100, 0x000001f0c63dc8f8]

GC Heap History (17 events):
Event: 2.783 GC heap before
{Heap before GC invocations=0 (full 0):
 garbage-first heap   total 129024K, used 22528K [0x0000000083200000, 0x0000000100000000)
  region size 1024K, 23 young (23552K), 0 survivors (0K)
 Metaspace       used 5868K, committed 6080K, reserved 1056768K
  class space    used 663K, committed 768K, reserved 1048576K
}
Event: 2.798 GC heap after
{Heap after GC invocations=1 (full 0):
 garbage-first heap   total 129024K, used 4267K [0x0000000083200000, 0x0000000100000000)
  region size 1024K, 3 young (3072K), 3 survivors (3072K)
 Metaspace       used 5868K, committed 6080K, reserved 1056768K
  class space    used 663K, committed 768K, reserved 1048576K
}
Event: 4.748 GC heap before
{Heap before GC invocations=1 (full 0):
 garbage-first heap   total 129024K, used 33963K [0x0000000083200000, 0x0000000100000000)
  region size 1024K, 32 young (32768K), 3 survivors (3072K)
 Metaspace       used 10280K, committed 10432K, reserved 1064960K
  class space    used 1235K, committed 1344K, reserved 1048576K
}
Event: 4.762 GC heap after
{Heap after GC invocations=2 (full 0):
 garbage-first heap   total 129024K, used 5980K [0x0000000083200000, 0x0000000100000000)
  region size 1024K, 2 young (2048K), 2 survivors (2048K)
 Metaspace       used 10280K, committed 10432K, reserved 1064960K
  class space    used 1235K, committed 1344K, reserved 1048576K
}
Event: 12.317 GC heap before
{Heap before GC invocations=2 (full 0):
 garbage-first heap   total 129024K, used 80732K [0x0000000083200000, 0x0000000100000000)
  region size 1024K, 75 young (76800K), 2 survivors (2048K)
 Metaspace       used 14620K, committed 14784K, reserved 1064960K
  class space    used 1640K, committed 1728K, reserved 1048576K
}
Event: 12.334 GC heap after
{Heap after GC invocations=3 (full 0):
 garbage-first heap   total 129024K, used 9908K [0x0000000083200000, 0x0000000100000000)
  region size 1024K, 6 young (6144K), 6 survivors (6144K)
 Metaspace       used 14620K, committed 14784K, reserved 1064960K
  class space    used 1640K, committed 1728K, reserved 1048576K
}
Event: 14.864 GC heap before
{Heap before GC invocations=3 (full 0):
 garbage-first heap   total 129024K, used 24244K [0x0000000083200000, 0x0000000100000000)
  region size 1024K, 21 young (21504K), 6 survivors (6144K)
 Metaspace       used 21318K, committed 21504K, reserved 1073152K
  class space    used 2454K, committed 2560K, reserved 1048576K
}
Event: 14.882 GC heap after
{Heap after GC invocations=4 (full 0):
 garbage-first heap   total 129024K, used 11674K [0x0000000083200000, 0x0000000100000000)
  region size 1024K, 6 young (6144K), 6 survivors (6144K)
 Metaspace       used 21318K, committed 21504K, reserved 1073152K
  class space    used 2454K, committed 2560K, reserved 1048576K
}
Event: 16.089 GC heap before
{Heap before GC invocations=5 (full 0):
 garbage-first heap   total 45056K, used 32154K [0x0000000083200000, 0x0000000100000000)
  region size 1024K, 26 young (26624K), 6 survivors (6144K)
 Metaspace       used 23272K, committed 23488K, reserved 1073152K
  class space    used 2647K, committed 2752K, reserved 1048576K
}
Event: 16.124 GC heap after
{Heap after GC invocations=6 (full 0):
 garbage-first heap   total 45056K, used 16232K [0x0000000083200000, 0x0000000100000000)
  region size 1024K, 4 young (4096K), 4 survivors (4096K)
 Metaspace       used 23272K, committed 23488K, reserved 1073152K
  class space    used 2647K, committed 2752K, reserved 1048576K
}
Event: 16.132 GC heap before
{Heap before GC invocations=6 (full 0):
 garbage-first heap   total 45056K, used 17256K [0x0000000083200000, 0x0000000100000000)
  region size 1024K, 5 young (5120K), 4 survivors (4096K)
 Metaspace       used 23272K, committed 23488K, reserved 1073152K
  class space    used 2647K, committed 2752K, reserved 1048576K
}
Event: 16.145 GC heap after
{Heap after GC invocations=7 (full 0):
 garbage-first heap   total 45056K, used 17252K [0x0000000083200000, 0x0000000100000000)
  region size 1024K, 1 young (1024K), 1 survivors (1024K)
 Metaspace       used 23272K, committed 23488K, reserved 1073152K
  class space    used 2647K, committed 2752K, reserved 1048576K
}
Event: 17.384 GC heap before
{Heap before GC invocations=7 (full 0):
 garbage-first heap   total 45056K, used 31588K [0x0000000083200000, 0x0000000100000000)
  region size 1024K, 16 young (16384K), 1 survivors (1024K)
 Metaspace       used 24778K, committed 25024K, reserved 1073152K
  class space    used 2832K, committed 2944K, reserved 1048576K
}
Event: 17.402 GC heap after
{Heap after GC invocations=8 (full 0):
 garbage-first heap   total 45056K, used 19456K [0x0000000083200000, 0x0000000100000000)
  region size 1024K, 2 young (2048K), 2 survivors (2048K)
 Metaspace       used 24778K, committed 25024K, reserved 1073152K
  class space    used 2832K, committed 2944K, reserved 1048576K
}
Event: 18.240 GC heap before
{Heap before GC invocations=8 (full 0):
 garbage-first heap   total 45056K, used 32768K [0x0000000083200000, 0x0000000100000000)
  region size 1024K, 15 young (15360K), 2 survivors (2048K)
 Metaspace       used 25271K, committed 25536K, reserved 1073152K
  class space    used 2864K, committed 2944K, reserved 1048576K
}
Event: 18.252 GC heap after
{Heap after GC invocations=9 (full 0):
 garbage-first heap   total 45056K, used 20380K [0x0000000083200000, 0x0000000100000000)
  region size 1024K, 1 young (1024K), 1 survivors (1024K)
 Metaspace       used 25271K, committed 25536K, reserved 1073152K
  class space    used 2864K, committed 2944K, reserved 1048576K
}
Event: 18.968 GC heap before
{Heap before GC invocations=9 (full 0):
 garbage-first heap   total 45056K, used 32668K [0x0000000083200000, 0x0000000100000000)
  region size 1024K, 13 young (13312K), 1 survivors (1024K)
 Metaspace       used 26047K, committed 26368K, reserved 1073152K
  class space    used 2984K, committed 3072K, reserved 1048576K
}

Deoptimization events (20 events):
Event: 16.931 Thread 0x000001f0bdb70f40 Uncommon trap: trap_request=0xffffffde fr.pc=0x000001f0ccf3c650 relative=0x0000000000000570
Event: 16.931 Thread 0x000001f0bdb70f40 Uncommon trap: reason=class_check action=maybe_recompile pc=0x000001f0ccf3c650 method=sun.nio.cs.StreamEncoder.writeBytes()V @ 127 c2
Event: 16.931 Thread 0x000001f0bdb70f40 DEOPT PACKING pc=0x000001f0ccf3c650 sp=0x000000da2e1fda50
Event: 16.931 Thread 0x000001f0bdb70f40 DEOPT UNPACKING pc=0x000001f0c53d23a3 sp=0x000000da2e1fda18 mode 2
Event: 18.394 Thread 0x000001f0bdb70f40 DEOPT PACKING pc=0x000001f0c6052efb sp=0x000000da2e1fd2d0
Event: 18.394 Thread 0x000001f0bdb70f40 DEOPT UNPACKING pc=0x000001f0c53d2b43 sp=0x000000da2e1fc770 mode 0
Event: 18.609 Thread 0x000001f0bdb70f40 DEOPT PACKING pc=0x000001f0c5b5b1bb sp=0x000000da2e1fd070
Event: 18.609 Thread 0x000001f0bdb70f40 DEOPT UNPACKING pc=0x000001f0c53d2b43 sp=0x000000da2e1fc508 mode 0
Event: 18.716 Thread 0x000001f0bdb70f40 Uncommon trap: trap_request=0xffffff45 fr.pc=0x000001f0cd03789c relative=0x00000000000000fc
Event: 18.716 Thread 0x000001f0bdb70f40 Uncommon trap: reason=unstable_if action=reinterpret pc=0x000001f0cd03789c method=java.lang.StringLatin1.lastIndexOf([BI[BII)I @ 86 c2
Event: 18.717 Thread 0x000001f0bdb70f40 DEOPT PACKING pc=0x000001f0cd03789c sp=0x000000da2e1fd020
Event: 18.717 Thread 0x000001f0bdb70f40 DEOPT UNPACKING pc=0x000001f0c53d23a3 sp=0x000000da2e1fcf78 mode 2
Event: 18.849 Thread 0x000001f0bdb70f40 Uncommon trap: trap_request=0xffffff45 fr.pc=0x000001f0ccfd592c relative=0x00000000000008ac
Event: 18.849 Thread 0x000001f0bdb70f40 Uncommon trap: reason=unstable_if action=reinterpret pc=0x000001f0ccfd592c method=java.lang.ThreadLocal$ThreadLocalMap.getEntry(Ljava/lang/ThreadLocal;)Ljava/lang/ThreadLocal$ThreadLocalMap$Entry; @ 29 c2
Event: 18.849 Thread 0x000001f0bdb70f40 DEOPT PACKING pc=0x000001f0ccfd592c sp=0x000000da2e1fd6d0
Event: 18.849 Thread 0x000001f0bdb70f40 DEOPT UNPACKING pc=0x000001f0c53d23a3 sp=0x000000da2e1fd5c8 mode 2
Event: 18.849 Thread 0x000001f0bdb70f40 Uncommon trap: trap_request=0xffffff45 fr.pc=0x000001f0ccfc86bc relative=0x000000000000011c
Event: 18.849 Thread 0x000001f0bdb70f40 Uncommon trap: reason=unstable_if action=reinterpret pc=0x000001f0ccfc86bc method=java.lang.ThreadLocal$ThreadLocalMap.getEntry(Ljava/lang/ThreadLocal;)Ljava/lang/ThreadLocal$ThreadLocalMap$Entry; @ 29 c2
Event: 18.849 Thread 0x000001f0bdb70f40 DEOPT PACKING pc=0x000001f0ccfc86bc sp=0x000000da2e1fd6b0
Event: 18.849 Thread 0x000001f0bdb70f40 DEOPT UNPACKING pc=0x000001f0c53d23a3 sp=0x000000da2e1fd5c8 mode 2

Classes unloaded (0 events):
No events

Classes redefined (0 events):
No events

Internal exceptions (20 events):
Event: 16.637 Thread 0x000001f0bdb70f40 Exception <a 'sun/nio/fs/WindowsException'{0x0000000089bf66d0}> (0x0000000089bf66d0) 
thrown [t:\workspace\open\src\hotspot\share\prims\jni.cpp, line 516]
Event: 16.638 Thread 0x000001f0bdb70f40 Exception <a 'sun/nio/fs/WindowsException'{0x0000000089bfa698}> (0x0000000089bfa698) 
thrown [t:\workspace\open\src\hotspot\share\prims\jni.cpp, line 516]
Event: 16.638 Thread 0x000001f0bdb70f40 Exception <a 'sun/nio/fs/WindowsException'{0x0000000089bfa9c0}> (0x0000000089bfa9c0) 
thrown [t:\workspace\open\src\hotspot\share\prims\jni.cpp, line 516]
Event: 16.638 Thread 0x000001f0bdb70f40 Exception <a 'sun/nio/fs/WindowsException'{0x0000000085601fe0}> (0x0000000085601fe0) 
thrown [t:\workspace\open\src\hotspot\share\prims\jni.cpp, line 516]
Event: 16.638 Thread 0x000001f0bdb70f40 Exception <a 'sun/nio/fs/WindowsException'{0x0000000085602350}> (0x0000000085602350) 
thrown [t:\workspace\open\src\hotspot\share\prims\jni.cpp, line 516]
Event: 16.638 Thread 0x000001f0bdb70f40 Exception <a 'sun/nio/fs/WindowsException'{0x0000000085603868}> (0x0000000085603868) 
thrown [t:\workspace\open\src\hotspot\share\prims\jni.cpp, line 516]
Event: 16.638 Thread 0x000001f0bdb70f40 Exception <a 'sun/nio/fs/WindowsException'{0x0000000085603c58}> (0x0000000085603c58) 
thrown [t:\workspace\open\src\hotspot\share\prims\jni.cpp, line 516]
Event: 16.745 Thread 0x000001f0bdb70f40 Exception <a 'sun/nio/fs/WindowsException'{0x000000008550a300}> (0x000000008550a300) 
thrown [t:\workspace\open\src\hotspot\share\prims\jni.cpp, line 516]
Event: 16.772 Thread 0x000001f0bdb70f40 Exception <a 'sun/nio/fs/WindowsException'{0x000000008553dc10}> (0x000000008553dc10) 
thrown [t:\workspace\open\src\hotspot\share\prims\jni.cpp, line 516]
Event: 16.772 Thread 0x000001f0bdb70f40 Exception <a 'sun/nio/fs/WindowsException'{0x000000008553df70}> (0x000000008553df70) 
thrown [t:\workspace\open\src\hotspot\share\prims\jni.cpp, line 516]
Event: 16.773 Thread 0x000001f0bdb70f40 Exception <a 'sun/nio/fs/WindowsException'{0x0000000085546750}> (0x0000000085546750) 
thrown [t:\workspace\open\src\hotspot\share\prims\jni.cpp, line 516]
Event: 16.773 Thread 0x000001f0bdb70f40 Exception <a 'sun/nio/fs/WindowsException'{0x0000000085546a68}> (0x0000000085546a68) 
thrown [t:\workspace\open\src\hotspot\share\prims\jni.cpp, line 516]
Event: 16.773 Thread 0x000001f0bdb70f40 Exception <a 'sun/nio/fs/WindowsException'{0x0000000085557688}> (0x0000000085557688) 
thrown [t:\workspace\open\src\hotspot\share\prims\jni.cpp, line 516]
Event: 16.773 Thread 0x000001f0bdb70f40 Exception <a 'sun/nio/fs/WindowsException'{0x00000000855579e8}> (0x00000000855579e8) 
thrown [t:\workspace\open\src\hotspot\share\prims\jni.cpp, line 516]
Event: 16.774 Thread 0x000001f0bdb70f40 Exception <a 'sun/nio/fs/WindowsException'{0x0000000085559448}> (0x0000000085559448) 
thrown [t:\workspace\open\src\hotspot\share\prims\jni.cpp, line 516]
Event: 16.774 Thread 0x000001f0bdb70f40 Exception <a 'sun/nio/fs/WindowsException'{0x0000000085559830}> (0x0000000085559830) 
thrown [t:\workspace\open\src\hotspot\share\prims\jni.cpp, line 516]
Event: 16.797 Thread 0x000001f0bdb70f40 Exception <a 'sun/nio/fs/WindowsException'{0x0000000085583410}> (0x0000000085583410) 
thrown [t:\workspace\open\src\hotspot\share\prims\jni.cpp, line 516]
Event: 16.833 Thread 0x000001f0bdb70f40 Exception <a 'sun/nio/fs/WindowsException'{0x00000000855bb248}> (0x00000000855bb248) 
thrown [t:\workspace\open\src\hotspot\share\prims\jni.cpp, line 516]
Event: 16.871 Thread 0x000001f0bdb70f40 Exception <a 'sun/nio/fs/WindowsException'{0x00000000855fc3a8}> (0x00000000855fc3a8) 
thrown [t:\workspace\open\src\hotspot\share\prims\jni.cpp, line 516]
Event: 16.906 Thread 0x000001f0bdb70f40 Exception <a 'sun/nio/fs/WindowsException'{0x000000008541c290}> (0x000000008541c290) 
thrown [t:\workspace\open\src\hotspot\share\prims\jni.cpp, line 516]

VM Operations (20 events):
Event: 16.037 Executing VM operation: ICBufferFull done
Event: 16.089 Executing VM operation: G1CollectForAllocation
Event: 16.124 Executing VM operation: G1CollectForAllocation done
Event: 16.132 Executing VM operation: G1CollectForAllocation
Event: 16.145 Executing VM operation: G1CollectForAllocation done
Event: 16.168 Executing VM operation: HandshakeAllThreads
Event: 16.168 Executing VM operation: HandshakeAllThreads done
Event: 16.750 Executing VM operation: ICBufferFull
Event: 16.750 Executing VM operation: ICBufferFull done
Event: 16.824 Executing VM operation: HandshakeAllThreads
Event: 16.825 Executing VM operation: HandshakeAllThreads done
Event: 16.978 Executing VM operation: ICBufferFull
Event: 16.978 Executing VM operation: ICBufferFull done
Event: 17.384 Executing VM operation: G1CollectForAllocation
Event: 17.403 Executing VM operation: G1CollectForAllocation done
Event: 18.240 Executing VM operation: G1CollectForAllocation
Event: 18.253 Executing VM operation: G1CollectForAllocation done
Event: 18.740 Executing VM operation: HandshakeAllThreads
Event: 18.740 Executing VM operation: HandshakeAllThreads done
Event: 18.968 Executing VM operation: G1CollectForAllocation

Events (20 events):
Event: 16.470 loading class java/nio/channels/Channels$1
Event: 16.470 loading class java/nio/channels/Channels$1 done
Event: 16.918 loading class java/util/EnumMap$Values
Event: 16.919 loading class java/util/EnumMap$Values done
Event: 16.919 loading class java/util/EnumMap$ValueIterator
Event: 16.919 loading class java/util/EnumMap$ValueIterator done
Event: 16.920 loading class java/util/WeakHashMap$KeyIterator
Event: 16.920 loading class java/util/WeakHashMap$HashIterator
Event: 16.920 loading class java/util/WeakHashMap$HashIterator done
Event: 16.920 loading class java/util/WeakHashMap$KeyIterator done
Event: 18.093 loading class java/util/jar/JarOutputStream
Event: 18.093 loading class java/util/zip/ZipOutputStream
Event: 18.096 loading class java/util/zip/ZipOutputStream done
Event: 18.096 loading class java/util/jar/JarOutputStream done
Event: 18.132 loading class java/lang/IllegalAccessError
Event: 18.133 loading class java/lang/IllegalAccessError done
Event: 18.767 loading class java/util/zip/GZIPInputStream
Event: 18.768 loading class java/util/zip/GZIPInputStream done
Event: 18.920 loading class java/util/Vector$Itr
Event: 18.928 loading class java/util/Vector$Itr done


Dynamic libraries:
0x00007ff754f50000 - 0x00007ff754f60000 	C:\Program Files\Java\jdk-17.0.1\bin\java.exe
0x00007ffb9a820000 - 0x00007ffb9aa29000 	C:\Windows\SYSTEM32\ntdll.dll
0x00007ffb99d60000 - 0x00007ffb99e1d000 	C:\Windows\System32\KERNEL32.DLL
0x00007ffb97d10000 - 0x00007ffb98084000 	C:\Windows\System32\KERNELBASE.dll
0x00007ffb98090000 - 0x00007ffb981a1000 	C:\Windows\System32\ucrtbase.dll
0x00007ffb82be0000 - 0x00007ffb82bfa000 	C:\Program Files\Java\jdk-17.0.1\bin\VCRUNTIME140.dll
0x00007ffb81020000 - 0x00007ffb81038000 	C:\Program Files\Java\jdk-17.0.1\bin\jli.dll
0x00007ffb99ca0000 - 0x00007ffb99d4e000 	C:\Windows\System32\ADVAPI32.dll
0x00007ffb9a030000 - 0x00007ffb9a0d3000 	C:\Windows\System32\msvcrt.dll
0x00007ffb9a200000 - 0x00007ffb9a29e000 	C:\Windows\System32\sechost.dll
0x00007ffb9a450000 - 0x00007ffb9a570000 	C:\Windows\System32\RPCRT4.dll
0x00007ffb9a2a0000 - 0x00007ffb9a44c000 	C:\Windows\System32\USER32.dll
0x00007ffb98270000 - 0x00007ffb98296000 	C:\Windows\System32\win32u.dll
0x00007ffb9a0f0000 - 0x00007ffb9a119000 	C:\Windows\System32\GDI32.dll
0x00007ffb7a5a0000 - 0x00007ffb7a845000 	C:\Windows\WinSxS\amd64_microsoft.windows.common-controls_6595b64144ccf1df_6.0.22000.120_none_9d947278b86cc467\COMCTL32.dll
0x00007ffb98430000 - 0x00007ffb98542000 	C:\Windows\System32\gdi32full.dll
0x00007ffb98310000 - 0x00007ffb983ad000 	C:\Windows\System32\msvcp_win.dll
0x00007ffb8b2e0000 - 0x00007ffb8b2ea000 	C:\Windows\SYSTEM32\VERSION.dll
0x00007ffb9a1c0000 - 0x00007ffb9a1f1000 	C:\Windows\System32\IMM32.DLL
0x00007ffb8aa00000 - 0x00007ffb8aa0c000 	C:\Program Files\Java\jdk-17.0.1\bin\vcruntime140_1.dll
0x00007ffb53230000 - 0x00007ffb532bd000 	C:\Program Files\Java\jdk-17.0.1\bin\msvcp140.dll
0x00007ffb1e1d0000 - 0x00007ffb1ed8e000 	C:\Program Files\Java\jdk-17.0.1\bin\server\jvm.dll
0x00007ffb903e0000 - 0x00007ffb903e9000 	C:\Windows\SYSTEM32\WSOCK32.dll
0x00007ffb99d50000 - 0x00007ffb99d58000 	C:\Windows\System32\PSAPI.DLL
0x00007ffb91900000 - 0x00007ffb91933000 	C:\Windows\SYSTEM32\WINMM.dll
0x00007ffb99120000 - 0x00007ffb9918f000 	C:\Windows\System32\WS2_32.dll
0x00007ffb96f00000 - 0x00007ffb96f18000 	C:\Windows\SYSTEM32\kernel.appcore.dll
0x00007ffb82e90000 - 0x00007ffb82e9a000 	C:\Program Files\Java\jdk-17.0.1\bin\jimage.dll
0x00007ffb91f50000 - 0x00007ffb92171000 	C:\Windows\SYSTEM32\DBGHELP.DLL
0x00007ffb903a0000 - 0x00007ffb903d1000 	C:\Windows\SYSTEM32\dbgcore.DLL
0x00007ffb983b0000 - 0x00007ffb9842f000 	C:\Windows\System32\bcryptPrimitives.dll
0x00007ffb82bd0000 - 0x00007ffb82bde000 	C:\Program Files\Java\jdk-17.0.1\bin\instrument.dll
0x00007ffb72750000 - 0x00007ffb72775000 	C:\Program Files\Java\jdk-17.0.1\bin\java.dll
0x00007ffb4e160000 - 0x00007ffb4e236000 	C:\Program Files\Java\jdk-17.0.1\bin\svml.dll
0x00007ffb99330000 - 0x00007ffb99ade000 	C:\Windows\System32\SHELL32.dll
0x00007ffb95e40000 - 0x00007ffb966a7000 	C:\Windows\SYSTEM32\windows.storage.dll
0x00007ffb986d0000 - 0x00007ffb98a48000 	C:\Windows\System32\combase.dll
0x00007ffb95cd0000 - 0x00007ffb95e36000 	C:\Windows\SYSTEM32\wintypes.dll
0x00007ffb99030000 - 0x00007ffb9911a000 	C:\Windows\System32\SHCORE.dll
0x00007ffb98fb0000 - 0x00007ffb9900d000 	C:\Windows\System32\shlwapi.dll
0x00007ffb97c40000 - 0x00007ffb97c61000 	C:\Windows\SYSTEM32\profapi.dll
0x00007ffb71eb0000 - 0x00007ffb71ec8000 	C:\Program Files\Java\jdk-17.0.1\bin\zip.dll
0x00007ffb6c020000 - 0x00007ffb6c039000 	C:\Program Files\Java\jdk-17.0.1\bin\net.dll
0x00007ffb91510000 - 0x00007ffb9161c000 	C:\Windows\SYSTEM32\WINHTTP.dll
0x00007ffb97330000 - 0x00007ffb97397000 	C:\Windows\system32\mswsock.dll
0x00007ffb69350000 - 0x00007ffb69365000 	C:\Program Files\Java\jdk-17.0.1\bin\nio.dll
0x00007ffb69330000 - 0x00007ffb6934a000 	C:\Program Files\JetBrains\IntelliJ IDEA Community Edition 2021.2.3\bin\breakgen64.dll
0x00007ffb828b0000 - 0x00007ffb828c0000 	C:\Program Files\Java\jdk-17.0.1\bin\verify.dll
0x00007ffb97570000 - 0x00007ffb97588000 	C:\Windows\SYSTEM32\CRYPTSP.dll
0x00007ffb96e60000 - 0x00007ffb96e95000 	C:\Windows\system32\rsaenh.dll
0x00007ffb97420000 - 0x00007ffb97449000 	C:\Windows\SYSTEM32\USERENV.dll
0x00007ffb976f0000 - 0x00007ffb97717000 	C:\Windows\SYSTEM32\bcrypt.dll
0x00007ffb97590000 - 0x00007ffb9759c000 	C:\Windows\SYSTEM32\CRYPTBASE.dll
0x00007ffb96a30000 - 0x00007ffb96a5d000 	C:\Windows\SYSTEM32\IPHLPAPI.DLL
0x00007ffb9a0e0000 - 0x00007ffb9a0e9000 	C:\Windows\System32\NSI.dll
0x00007ffb8f6f0000 - 0x00007ffb8f709000 	C:\Windows\SYSTEM32\dhcpcsvc6.DLL
0x00007ffb8f6c0000 - 0x00007ffb8f6de000 	C:\Windows\SYSTEM32\dhcpcsvc.DLL
0x00007ffb96ab0000 - 0x00007ffb96b97000 	C:\Windows\SYSTEM32\DNSAPI.dll
0x00007ffb81cf0000 - 0x00007ffb81cfa000 	C:\Users\theha\AppData\Local\Temp\jansi-1.17.1-17026685573755063809.dll
0x00007ffb81010000 - 0x00007ffb8101a000 	C:\Users\theha\AppData\Local\Temp\jansi-1.17.1-2561927397167860107.dll

dbghelp: loaded successfully - version: 4.0.5 - missing functions: none
symbol engine: initialized successfully - sym options: 0x614 - pdb path: .;C:\Program Files\Java\jdk-17.0.1\bin;C:\Windows\SYSTEM32;C:\Windows\WinSxS\amd64_microsoft.windows.common-controls_6595b64144ccf1df_6.0.22000.120_none_9d947278b86cc467;C:\Program Files\Java\jdk-17.0.1\bin\server;C:\Program Files\JetBrains\IntelliJ IDEA Community Edition 2021.2.3\bin;C:\Users\theha\AppData\Local\Temp

VM Arguments:
jvm_args: -Dmaven.multiModuleProjectDirectory=C:\Users\theha\IdeaProjects\ParlagamesQualification -Dmaven.home=C:\Program Files\JetBrains\IntelliJ IDEA Community Edition 2021.2.3\plugins\maven\lib\maven3 -Dclassworlds.conf=C:\Program Files\JetBrains\IntelliJ IDEA Community Edition 2021.2.3\plugins\maven\lib\maven3\bin\m2.conf -Dmaven.ext.class.path=C:\Program Files\JetBrains\IntelliJ IDEA Community Edition 2021.2.3\plugins\maven\lib\maven-event-listener.jar -javaagent:C:\Program Files\JetBrains\IntelliJ IDEA Community Edition 2021.2.3\lib\idea_rt.jar=60776:C:\Program Files\JetBrains\IntelliJ IDEA Community Edition 2021.2.3\bin -Dfile.encoding=UTF-8 
java_command: org.codehaus.classworlds.Launcher -Didea.version=2021.2.3 package
java_class_path (initial): C:\Program Files\JetBrains\IntelliJ IDEA Community Edition 2021.2.3\plugins\maven\lib\maven3\boot\plexus-classworlds-2.6.0.jar;C:\Program Files\JetBrains\IntelliJ IDEA Community Edition 2021.2.3\plugins\maven\lib\maven3\boot\plexus-classworlds.license
Launcher Type: SUN_STANDARD

[Global flags]
     intx CICompilerCount                          = 4                                         {product} {ergonomic}
     uint ConcGCThreads                            = 2                                         {product} {ergonomic}
     uint G1ConcRefinementThreads                  = 8                                         {product} {ergonomic}
   size_t G1HeapRegionSize                         = 1048576                                   {product} {ergonomic}
    uintx GCDrainStackTargetSize                   = 64                                        {product} {ergonomic}
   size_t InitialHeapSize                          = 132120576                                 {product} {ergonomic}
   size_t MarkStackSize                            = 4194304                                   {product} {ergonomic}
   size_t MaxHeapSize                              = 2095054848                                {product} {ergonomic}
   size_t MaxNewSize                               = 1256194048                                {product} {ergonomic}
   size_t MinHeapDeltaBytes                        = 1048576                                   {product} {ergonomic}
   size_t MinHeapSize                              = 8388608                                   {product} {ergonomic}
    uintx NonNMethodCodeHeapSize                   = 5839372                                {pd product} {ergonomic}
    uintx NonProfiledCodeHeapSize                  = 122909434                              {pd product} {ergonomic}
    uintx ProfiledCodeHeapSize                     = 122909434                              {pd product} {ergonomic}
    uintx ReservedCodeCacheSize                    = 251658240                              {pd product} {ergonomic}
     bool SegmentedCodeCache                       = true                                      {product} {ergonomic}
   size_t SoftMaxHeapSize                          = 2095054848                             {manageable} {ergonomic}
     bool UseCompressedClassPointers               = true                           {product lp64_product} {ergonomic}
     bool UseCompressedOops                        = true                           {product lp64_product} {ergonomic}
     bool UseG1GC                                  = true                                      {product} {ergonomic}
     bool UseLargePagesIndividualAllocation        = false                                  {pd product} {ergonomic}

Logging:
Log output configuration:
 #0: stdout all=warning uptime,level,tags
 #1: stderr all=off uptime,level,tags

Environment Variables:
PATH=C:\Program Files\Common Files\Oracle\Java\javapath;C:\Program Files (x86)\Common Files\Oracle\Java\javapath;C:\Windows\system32;C:\Windows;C:\Windows\System32\Wbem;C:\Windows\System32\WindowsPowerShell\v1.0\;C:\Windows\System32\OpenSSH\;C:\Program Files\Java\jdk-16;C:\Program Files\Java\jdk-16\bin;C:\Program Files\dotnet\;C:\Program Files\PuTTY\;C:\Users\theha\AppData\Local\Programs\Python\Python310\Scripts\;C:\Users\theha\AppData\Local\Programs\Python\Python310\;C:\Users\theha\AppData\Local\Microsoft\WindowsApps;;C:\Program Files\JetBrains\IntelliJ IDEA Community Edition 2021.2.3\bin;;C:\Users\theha\.dotnet\tools;C:\Users\theha\AppData\Local\Programs\Microsoft VS Code\bin
USERNAME=EvyatarEzra
OS=Windows_NT
PROCESSOR_IDENTIFIER=Intel64 Family 6 Model 142 Stepping 12, GenuineIntel



---------------  S Y S T E M  ---------------

OS:
 Windows 10 , 64 bit Build 22000 (10.0.22000.434)
OS uptime: 3 days 18:15 hours

CPU: total 8 (initial active 8) (4 cores per cpu, 2 threads per core) family 6 model 142 stepping 12 microcode 0xde, cx8, cmov, fxsr, ht, mmx, 3dnowpref, sse, sse2, sse3, ssse3, sse4.1, sse4.2, popcnt, lzcnt, tsc, tscinvbit, avx, avx2, aes, erms, clmul, bmi1, bmi2, adx, fma, vzeroupper, clflush, clflushopt

Memory: 4k page, system-wide physical 7988M (282M free)
TotalPageFile size 32564M (AvailPageFile size 18M)
current process WorkingSet (physical memory assigned to process): 158M, peak: 175M
current process commit charge ("private bytes"): 190M, peak: 253M

vm_info: Java HotSpot(TM) 64-Bit Server VM (17.0.1+12-LTS-39) for windows-amd64 JRE (17.0.1+12-LTS-39), built on Sep 27 2021 18:41:35 by "mach5one" with MS VC++ 16.8 (VS2019)

END.
